SerialCommSample1/app/build/intermediates/manifest_merge_blame_file/debug/processDebugMainManifest/manifest-merger-blame-debug-report.txt
1<?xml version="1.0" encoding="utf-8"?>
2<manifest xmlns:android="http://schemas.android.com/apk/res/android"
3    package="com.symbol.serialcommsample1"
4    android:versionCode="14"
5    android:versionName="7.3.3" >
6
7    <uses-sdk
8        android:minSdkVersion="24"
9        android:targetSdkVersion="33" />
10
11    <uses-permission android:name="com.symbol.emdk.permission.EMDK" />
11-->src\main\AndroidManifest.xml:4:5-70
11-->src\main\AndroidManifest.xml:4:22-68
12
13    <application
13-->src\main\AndroidManifest.xml:6:5-25:19
14        android:allowBackup="true"
14-->src\main\AndroidManifest.xml:7:9-35
15        android:debuggable="true"
16        android:extractNativeLibs="false"
17        android:icon="@mipmap/ic_launcher"
17-->src\main\AndroidManifest.xml:8:9-43
18        android:label="@string/app_name"
18-->src\main\AndroidManifest.xml:9:9-41
19        android:testOnly="true"
20        android:theme="@style/AppTheme" >
20-->src\main\AndroidManifest.xml:10:9-40
21        <uses-library
21-->src\main\AndroidManifest.xml:12:9-80
22            android:name="com.symbol.emdk"
22-->src\main\AndroidManifest.xml:12:23-53
23            android:required="false" />
23-->src\main\AndroidManifest.xml:12:54-78
24
25        <activity
25-->src\main\AndroidManifest.xml:14:9-24:20
26            android:name="com.symbol.serialcommsample1.MainActivity"
26-->src\main\AndroidManifest.xml:15:13-41
27            android:exported="true"
27-->src\main\AndroidManifest.xml:16:13-36
28            android:label="@string/app_name"
28-->src\main\AndroidManifest.xml:18:13-45
29            android:screenOrientation="portrait" >
29-->src\main\AndroidManifest.xml:17:13-49
30            <intent-filter>
30-->src\main\AndroidManifest.xml:19:13-23:29
31                <action android:name="android.intent.action.MAIN" />
31-->src\main\AndroidManifest.xml:20:17-69
31-->src\main\AndroidManifest.xml:20:25-66
32
33                <category android:name="android.intent.category.LAUNCHER" />
33-->src\main\AndroidManifest.xml:22:17-77
33-->src\main\AndroidManifest.xml:22:27-74
34            </intent-filter>
35        </activity>
36    </application>
37
38</manifest>